Traceback (most recent call last):
  File "/Users/emarshall/miniconda3/envs/mynewbook/lib/python3.10/site-packages/jupyter_cache/executors/utils.py", line 51, in single_nb_execution
    executenb(
  File "/Users/emarshall/miniconda3/envs/mynewbook/lib/python3.10/site-packages/nbclient/client.py", line 1204, in execute
    return NotebookClient(nb=nb, resources=resources, km=km, **kwargs).execute()
  File "/Users/emarshall/miniconda3/envs/mynewbook/lib/python3.10/site-packages/nbclient/util.py", line 84, in wrapped
    return just_run(coro(*args, **kwargs))
  File "/Users/emarshall/miniconda3/envs/mynewbook/lib/python3.10/site-packages/nbclient/util.py", line 62, in just_run
    return loop.run_until_complete(coro)
  File "/Users/emarshall/miniconda3/envs/mynewbook/lib/python3.10/asyncio/base_events.py", line 646, in run_until_complete
    return future.result()
  File "/Users/emarshall/miniconda3/envs/mynewbook/lib/python3.10/site-packages/nbclient/client.py", line 663, in async_execute
    await self.async_execute_cell(
  File "/Users/emarshall/miniconda3/envs/mynewbook/lib/python3.10/site-packages/nbclient/client.py", line 965, in async_execute_cell
    await self._check_raise_for_error(cell, cell_index, exec_reply)
  File "/Users/emarshall/miniconda3/envs/mynewbook/lib/python3.10/site-packages/nbclient/client.py", line 862, in _check_raise_for_error
    raise CellExecutionError.from_cell_and_msg(cell, exec_reply_content)
nbclient.exceptions.CellExecutionError: An error occurred while executing the following cell:
------------------
seasons_gb = largest_glacier_raster.groupby(largest_glacier_raster.mid_date.dt.season).map(middate_mean)
#add attrs to gb object
seasons_gb.attrs = largest_glacier_raster.attrs #why didn't that work?
season_gb
------------------

[0;31m---------------------------------------------------------------------------[0m
[0;31mNameError[0m                                 Traceback (most recent call last)
Input [0;32mIn [22][0m, in [0;36m<cell line: 4>[0;34m()[0m
[1;32m      2[0m [38;5;66;03m#add attrs to gb object[39;00m
[1;32m      3[0m seasons_gb[38;5;241m.[39mattrs [38;5;241m=[39m largest_glacier_raster[38;5;241m.[39mattrs [38;5;66;03m#why didn't that work?[39;00m
[0;32m----> 4[0m [43mseason_gb[49m

[0;31mNameError[0m: name 'season_gb' is not defined
NameError: name 'season_gb' is not defined

